<?xml version="1.0" encoding="UTF-8"?>
<testsuite name="Test Case"
           tests="3"
           failures="0"
           errors="0"
           skipped="0"
           time="8.719">
  <properties />
  
  
            <testcase name="verifyClickOnServicesBtn" time="0.128" classname="uk.gov.harrow.testsuite.TestCase" />
                <testcase name="verifyElementsOnHarrowWebsiteHomePageAreDisplayed" time="0.179" classname="uk.gov.harrow.testsuite.TestCase" />
                <testcase name="verifyClickOnLoginOrRegisterLink" time="8.412" classname="uk.gov.harrow.testsuite.TestCase" />
      
</testsuite>
